# JRE version: Java(TM) SE Runtime Environment (8.0_191-b12) (build 1.8.0_191-b12)
# Java VM: Java HotSpot(TM) 64-Bit Server VM (25.191-b12 mixed mode windows-amd64 compressed oops)
Heap:
 PSYoungGen      total 110080K, used 53512K [0x00000000d5c00000, 0x00000000e4b80000, 0x0000000100000000)
  eden space 109568K, 48% used [0x00000000d5c00000,0x00000000d90421b8,0x00000000dc700000)
  from space 512K, 0% used [0x00000000e4b00000,0x00000000e4b00000,0x00000000e4b80000)
  to   space 19968K, 0% used [0x00000000e2480000,0x00000000e2480000,0x00000000e3800000)
 ParOldGen       total 60416K, used 13977K [0x0000000081400000, 0x0000000084f00000, 0x00000000d5c00000)
  object space 60416K, 23% used [0x0000000081400000,0x00000000821a67b8,0x0000000084f00000)
 Metaspace       used 22321K, capacity 22576K, committed 22832K, reserved 1069056K
  class space    used 2649K, capacity 2734K, committed 2816K, reserved 1048576K
GC Heap History (10 events):
Event: 31.593 GC heap before
{Heap before GC invocations=9 (full 0):
 PSYoungGen      total 129024K, used 128845K [0x00000000d5c00000, 0x00000000e7200000, 0x0000000100000000)
  eden space 126976K, 99% used [0x00000000d5c00000,0x00000000dd7e95e8,0x00000000dd800000)
  from space 2048K, 95% used [0x00000000e7000000,0x00000000e71ea020,0x00000000e7200000)
  to   space 19456K, 0% used [0x00000000e4c00000,0x00000000e4c00000,0x00000000e5f00000)
 ParOldGen       total 87552K, used 38410K [0x0000000081400000, 0x0000000086980000, 0x00000000d5c00000)
  object space 87552K, 43% used [0x0000000081400000,0x0000000083982968,0x0000000086980000)
 Metaspace       used 19923K, capacity 20100K, committed 20352K, reserved 1067008K
  class space    used 2325K, capacity 2404K, committed 2432K, reserved 1048576K
Event: 31.602 GC heap after
Heap after GC invocations=9 (full 0):
 PSYoungGen      total 125440K, used 2924K [0x00000000d5c00000, 0x00000000e7080000, 0x0000000100000000)
  eden space 122368K, 0% used [0x00000000d5c00000,0x00000000d5c00000,0x00000000dd380000)
  from space 3072K, 95% used [0x00000000e4c00000,0x00000000e4edb030,0x00000000e4f00000)
  to   space 19456K, 0% used [0x00000000e5d80000,0x00000000e5d80000,0x00000000e7080000)
 ParOldGen       total 87552K, used 38434K [0x0000000081400000, 0x0000000086980000, 0x00000000d5c00000)
  object space 87552K, 43% used [0x0000000081400000,0x0000000083988968,0x0000000086980000)
 Metaspace       used 19923K, capacity 20100K, committed 20352K, reserved 1067008K
  class space    used 2325K, capacity 2404K, committed 2432K, reserved 1048576K
}
Event: 34.674 GC heap before
{Heap before GC invocations=10 (full 0):
 PSYoungGen      total 125440K, used 125292K [0x00000000d5c00000, 0x00000000e7080000, 0x0000000100000000)
  eden space 122368K, 100% used [0x00000000d5c00000,0x00000000dd380000,0x00000000dd380000)
  from space 3072K, 95% used [0x00000000e4c00000,0x00000000e4edb030,0x00000000e4f00000)
  to   space 19456K, 0% used [0x00000000e5d80000,0x00000000e5d80000,0x00000000e7080000)
 ParOldGen       total 87552K, used 38434K [0x0000000081400000, 0x0000000086980000, 0x00000000d5c00000)
  object space 87552K, 43% used [0x0000000081400000,0x0000000083988968,0x0000000086980000)
 Metaspace       used 20188K, capacity 20388K, committed 20736K, reserved 1067008K
  class space    used 2344K, capacity 2436K, committed 2560K, reserved 1048576K
Event: 34.685 GC heap after
Heap after GC invocations=10 (full 0):
 PSYoungGen      total 123904K, used 5706K [0x00000000d5c00000, 0x00000000e6380000, 0x0000000100000000)
  eden space 117760K, 0% used [0x00000000d5c00000,0x00000000d5c00000,0x00000000dcf00000)
  from space 6144K, 92% used [0x00000000e5d80000,0x00000000e6312ba8,0x00000000e6380000)
  to   space 19456K, 0% used [0x00000000e3d80000,0x00000000e3d80000,0x00000000e5080000)
 ParOldGen       total 87552K, used 38466K [0x0000000081400000, 0x0000000086980000, 0x00000000d5c00000)
  object space 87552K, 43% used [0x0000000081400000,0x0000000083990968,0x0000000086980000)
 Metaspace       used 20188K, capacity 20388K, committed 20736K, reserved 1067008K
  class space    used 2344K, capacity 2436K, committed 2560K, reserved 1048576K
}
Event: 37.586 GC heap before
{Heap before GC invocations=11 (full 0):
 PSYoungGen      total 123904K, used 123466K [0x00000000d5c00000, 0x00000000e6380000, 0x0000000100000000)
  eden space 117760K, 100% used [0x00000000d5c00000,0x00000000dcf00000,0x00000000dcf00000)
  from space 6144K, 92% used [0x00000000e5d80000,0x00000000e6312ba8,0x00000000e6380000)
  to   space 19456K, 0% used [0x00000000e3d80000,0x00000000e3d80000,0x00000000e5080000)
 ParOldGen       total 87552K, used 38469K [0x0000000081400000, 0x0000000086980000, 0x00000000d5c00000)
  object space 87552K, 43% used [0x0000000081400000,0x0000000083991470,0x0000000086980000)
 Metaspace       used 20242K, capacity 20452K, committed 20736K, reserved 1067008K
  class space    used 2345K, capacity 2436K, committed 2560K, reserved 1048576K
Event: 37.597 GC heap after
Heap after GC invocations=11 (full 0):
 PSYoungGen      total 115200K, used 1060K [0x00000000d5c00000, 0x00000000e5e00000, 0x0000000100000000)
  eden space 113664K, 0% used [0x00000000d5c00000,0x00000000d5c00000,0x00000000dcb00000)
  from space 1536K, 69% used [0x00000000e3d80000,0x00000000e3e89010,0x00000000e3f00000)
  to   space 19456K, 0% used [0x00000000e4b00000,0x00000000e4b00000,0x00000000e5e00000)
 ParOldGen       total 87552K, used 41291K [0x0000000081400000, 0x0000000086980000, 0x00000000d5c00000)
  object space 87552K, 47% used [0x0000000081400000,0x0000000083c52e10,0x0000000086980000)
 Metaspace       used 20242K, capacity 20452K, committed 20736K, reserved 1067008K
  class space    used 2345K, capacity 2436K, committed 2560K, reserved 1048576K
}
Event: 40.557 GC heap before
{Heap before GC invocations=12 (full 0):
 PSYoungGen      total 115200K, used 114694K [0x00000000d5c00000, 0x00000000e5e00000, 0x0000000100000000)
  eden space 113664K, 99% used [0x00000000d5c00000,0x00000000dcaf8bc0,0x00000000dcb00000)
  from space 1536K, 69% used [0x00000000e3d80000,0x00000000e3e89010,0x00000000e3f00000)
  to   space 19456K, 0% used [0x00000000e4b00000,0x00000000e4b00000,0x00000000e5e00000)
 ParOldGen       total 87552K, used 56591K [0x0000000081400000, 0x0000000086980000, 0x00000000d5c00000)
  object space 87552K, 64% used [0x0000000081400000,0x0000000084b43f20,0x0000000086980000)
 Metaspace       used 21011K, capacity 21192K, committed 21296K, reserved 1069056K
  class space    used 2432K, capacity 2534K, committed 2560K, reserved 1048576K
Event: 40.578 GC heap after
Heap after GC invocations=12 (full 0):
 PSYoungGen      total 110080K, used 352K [0x00000000d5c00000, 0x00000000e4b80000, 0x0000000100000000)
  eden space 109568K, 0% used [0x00000000d5c00000,0x00000000d5c00000,0x00000000dc700000)
  from space 512K, 68% used [0x00000000e4b00000,0x00000000e4b58000,0x00000000e4b80000)
  to   space 19968K, 0% used [0x00000000e2480000,0x00000000e2480000,0x00000000e3800000)
 ParOldGen       total 87552K, used 56623K [0x0000000081400000, 0x0000000086980000, 0x00000000d5c00000)
  object space 87552K, 64% used [0x0000000081400000,0x0000000084b4bf20,0x0000000086980000)
 Metaspace       used 21011K, capacity 21192K, committed 21296K, reserved 1069056K
  class space    used 2432K, capacity 2534K, committed 2560K, reserved 1048576K
}
Event: 40.578 GC heap before
{Heap before GC invocations=13 (full 1):
 PSYoungGen      total 110080K, used 352K [0x00000000d5c00000, 0x00000000e4b80000, 0x0000000100000000)
  eden space 109568K, 0% used [0x00000000d5c00000,0x00000000d5c00000,0x00000000dc700000)
  from space 512K, 68% used [0x00000000e4b00000,0x00000000e4b58000,0x00000000e4b80000)
  to   space 19968K, 0% used [0x00000000e2480000,0x00000000e2480000,0x00000000e3800000)
 ParOldGen       total 87552K, used 56623K [0x0000000081400000, 0x0000000086980000, 0x00000000d5c00000)
  object space 87552K, 64% used [0x0000000081400000,0x0000000084b4bf20,0x0000000086980000)
 Metaspace       used 21011K, capacity 21192K, committed 21296K, reserved 1069056K
  class space    used 2432K, capacity 2534K, committed 2560K, reserved 1048576K
Event: 40.715 GC heap after
Heap after GC invocations=13 (full 1):
 PSYoungGen      total 110080K, used 0K [0x00000000d5c00000, 0x00000000e4b80000, 0x0000000100000000)
  eden space 109568K, 0% used [0x00000000d5c00000,0x00000000d5c00000,0x00000000dc700000)
  from space 512K, 0% used [0x00000000e4b00000,0x00000000e4b00000,0x00000000e4b80000)
  to   space 19968K, 0% used [0x00000000e2480000,0x00000000e2480000,0x00000000e3800000)
 ParOldGen       total 60416K, used 13977K [0x0000000081400000, 0x0000000084f00000, 0x00000000d5c00000)
  object space 60416K, 23% used [0x0000000081400000,0x00000000821a67b8,0x0000000084f00000)
 Metaspace       used 21011K, capacity 21192K, committed 21296K, reserved 1069056K
  class space    used 2432K, capacity 2534K, committed 2560K, reserved 1048576K
}

