# JRE version: Java(TM) SE Runtime Environment (8.0_191-b12) (build 1.8.0_191-b12)
# Java VM: Java HotSpot(TM) 64-Bit Server VM (25.191-b12 mixed mode windows-amd64 compressed oops)
Heap:
 PSYoungGen      total 123904K, used 44273K [0x00000000d5c00000, 0x00000000de880000, 0x0000000100000000)
  eden space 114176K, 38% used [0x00000000d5c00000,0x00000000d873c548,0x00000000dcb80000)
  from space 9728K, 0% used [0x00000000ddf00000,0x00000000ddf00000,0x00000000de880000)
  to   space 14848K, 0% used [0x00000000dcb80000,0x00000000dcb80000,0x00000000dda00000)
 ParOldGen       total 71168K, used 12565K [0x0000000081400000, 0x0000000085980000, 0x00000000d5c00000)
  object space 71168K, 17% used [0x0000000081400000,0x0000000082045618,0x0000000085980000)
 Metaspace       used 22308K, capacity 22596K, committed 22784K, reserved 1069056K
  class space    used 2660K, capacity 2766K, committed 2816K, reserved 1048576K
GC Heap History (10 events):
Event: 23.044 GC heap before
{Heap before GC invocations=7 (full 0):
 PSYoungGen      total 148480K, used 137960K [0x00000000d5c00000, 0x00000000dfe00000, 0x0000000100000000)
  eden space 133120K, 99% used [0x00000000d5c00000,0x00000000ddda3958,0x00000000dde00000)
  from space 15360K, 33% used [0x00000000def00000,0x00000000df416870,0x00000000dfe00000)
  to   space 16384K, 0% used [0x00000000dde00000,0x00000000dde00000,0x00000000dee00000)
 ParOldGen       total 87552K, used 15712K [0x0000000081400000, 0x0000000086980000, 0x00000000d5c00000)
  object space 87552K, 17% used [0x0000000081400000,0x0000000082358230,0x0000000086980000)
 Metaspace       used 19920K, capacity 20184K, committed 20480K, reserved 1067008K
  class space    used 2342K, capacity 2436K, committed 2560K, reserved 1048576K
Event: 23.071 GC heap after
Heap after GC invocations=7 (full 0):
 PSYoungGen      total 129536K, used 1156K [0x00000000d5c00000, 0x00000000dfa00000, 0x0000000100000000)
  eden space 128000K, 0% used [0x00000000d5c00000,0x00000000d5c00000,0x00000000dd900000)
  from space 1536K, 75% used [0x00000000dde00000,0x00000000ddf21010,0x00000000ddf80000)
  to   space 16896K, 0% used [0x00000000de980000,0x00000000de980000,0x00000000dfa00000)
 ParOldGen       total 87552K, used 19851K [0x0000000081400000, 0x0000000086980000, 0x00000000d5c00000)
  object space 87552K, 22% used [0x0000000081400000,0x0000000082762ee8,0x0000000086980000)
 Metaspace       used 19920K, capacity 20184K, committed 20480K, reserved 1067008K
  class space    used 2342K, capacity 2436K, committed 2560K, reserved 1048576K
}
Event: 26.037 GC heap before
{Heap before GC invocations=8 (full 0):
 PSYoungGen      total 129536K, used 129156K [0x00000000d5c00000, 0x00000000dfa00000, 0x0000000100000000)
  eden space 128000K, 100% used [0x00000000d5c00000,0x00000000dd900000,0x00000000dd900000)
  from space 1536K, 75% used [0x00000000dde00000,0x00000000ddf21010,0x00000000ddf80000)
  to   space 16896K, 0% used [0x00000000de980000,0x00000000de980000,0x00000000dfa00000)
 ParOldGen       total 87552K, used 19851K [0x0000000081400000, 0x0000000086980000, 0x00000000d5c00000)
  object space 87552K, 22% used [0x0000000081400000,0x0000000082762ee8,0x0000000086980000)
 Metaspace       used 20211K, capacity 20376K, committed 20736K, reserved 1067008K
  class space    used 2360K, capacity 2436K, committed 2560K, reserved 1048576K
Event: 26.066 GC heap after
Heap after GC invocations=8 (full 0):
 PSYoungGen      total 133632K, used 5720K [0x00000000d5c00000, 0x00000000df380000, 0x0000000100000000)
  eden space 123392K, 0% used [0x00000000d5c00000,0x00000000d5c00000,0x00000000dd480000)
  from space 10240K, 55% used [0x00000000de980000,0x00000000def16060,0x00000000df380000)
  to   space 15872K, 0% used [0x00000000dd480000,0x00000000dd480000,0x00000000de400000)
 ParOldGen       total 87552K, used 19939K [0x0000000081400000, 0x0000000086980000, 0x00000000d5c00000)
  object space 87552K, 22% used [0x0000000081400000,0x0000000082778ee8,0x0000000086980000)
 Metaspace       used 20211K, capacity 20376K, committed 20736K, reserved 1067008K
  class space    used 2360K, capacity 2436K, committed 2560K, reserved 1048576K
}
Event: 29.098 GC heap before
{Heap before GC invocations=9 (full 0):
 PSYoungGen      total 133632K, used 128887K [0x00000000d5c00000, 0x00000000df380000, 0x0000000100000000)
  eden space 123392K, 99% used [0x00000000d5c00000,0x00000000dd447cb8,0x00000000dd480000)
  from space 10240K, 55% used [0x00000000de980000,0x00000000def16060,0x00000000df380000)
  to   space 15872K, 0% used [0x00000000dd480000,0x00000000dd480000,0x00000000de400000)
 ParOldGen       total 87552K, used 19939K [0x0000000081400000, 0x0000000086980000, 0x00000000d5c00000)
  object space 87552K, 22% used [0x0000000081400000,0x0000000082778ee8,0x0000000086980000)
 Metaspace       used 20246K, capacity 20440K, committed 20736K, reserved 1067008K
  class space    used 2361K, capacity 2436K, committed 2560K, reserved 1048576K
Event: 29.107 GC heap after
Heap after GC invocations=9 (full 0):
 PSYoungGen      total 122880K, used 3856K [0x00000000d5c00000, 0x00000000dee00000, 0x0000000100000000)
  eden space 118784K, 0% used [0x00000000d5c00000,0x00000000d5c00000,0x00000000dd000000)
  from space 4096K, 94% used [0x00000000dd480000,0x00000000dd844040,0x00000000dd880000)
  to   space 15360K, 0% used [0x00000000ddf00000,0x00000000ddf00000,0x00000000dee00000)
 ParOldGen       total 87552K, used 19955K [0x0000000081400000, 0x0000000086980000, 0x00000000d5c00000)
  object space 87552K, 22% used [0x0000000081400000,0x000000008277cee8,0x0000000086980000)
 Metaspace       used 20246K, capacity 20440K, committed 20736K, reserved 1067008K
  class space    used 2361K, capacity 2436K, committed 2560K, reserved 1048576K
}
Event: 31.141 GC heap before
{Heap before GC invocations=10 (full 0):
 PSYoungGen      total 122880K, used 97949K [0x00000000d5c00000, 0x00000000dee00000, 0x0000000100000000)
  eden space 118784K, 79% used [0x00000000d5c00000,0x00000000db7e3448,0x00000000dd000000)
  from space 4096K, 94% used [0x00000000dd480000,0x00000000dd844040,0x00000000dd880000)
  to   space 15360K, 0% used [0x00000000ddf00000,0x00000000ddf00000,0x00000000dee00000)
 ParOldGen       total 87552K, used 19955K [0x0000000081400000, 0x0000000086980000, 0x00000000d5c00000)
  object space 87552K, 22% used [0x0000000081400000,0x000000008277cee8,0x0000000086980000)
 Metaspace       used 21000K, capacity 21176K, committed 21248K, reserved 1069056K
  class space    used 2442K, capacity 2532K, committed 2560K, reserved 1048576K
Event: 31.159 GC heap after
Heap after GC invocations=10 (full 0):
 PSYoungGen      total 123904K, used 3020K [0x00000000d5c00000, 0x00000000de880000, 0x0000000100000000)
  eden space 114176K, 0% used [0x00000000d5c00000,0x00000000d5c00000,0x00000000dcb80000)
  from space 9728K, 31% used [0x00000000ddf00000,0x00000000de1f3030,0x00000000de880000)
  to   space 14848K, 0% used [0x00000000dcb80000,0x00000000dcb80000,0x00000000dda00000)
 ParOldGen       total 87552K, used 21878K [0x0000000081400000, 0x0000000086980000, 0x00000000d5c00000)
  object space 87552K, 24% used [0x0000000081400000,0x000000008295d878,0x0000000086980000)
 Metaspace       used 21000K, capacity 21176K, committed 21248K, reserved 1069056K
  class space    used 2442K, capacity 2532K, committed 2560K, reserved 1048576K
}
Event: 31.159 GC heap before
{Heap before GC invocations=11 (full 1):
 PSYoungGen      total 123904K, used 3020K [0x00000000d5c00000, 0x00000000de880000, 0x0000000100000000)
  eden space 114176K, 0% used [0x00000000d5c00000,0x00000000d5c00000,0x00000000dcb80000)
  from space 9728K, 31% used [0x00000000ddf00000,0x00000000de1f3030,0x00000000de880000)
  to   space 14848K, 0% used [0x00000000dcb80000,0x00000000dcb80000,0x00000000dda00000)
 ParOldGen       total 87552K, used 21878K [0x0000000081400000, 0x0000000086980000, 0x00000000d5c00000)
  object space 87552K, 24% used [0x0000000081400000,0x000000008295d878,0x0000000086980000)
 Metaspace       used 21000K, capacity 21176K, committed 21248K, reserved 1069056K
  class space    used 2442K, capacity 2532K, committed 2560K, reserved 1048576K
Event: 31.361 GC heap after
Heap after GC invocations=11 (full 1):
 PSYoungGen      total 123904K, used 0K [0x00000000d5c00000, 0x00000000de880000, 0x0000000100000000)
  eden space 114176K, 0% used [0x00000000d5c00000,0x00000000d5c00000,0x00000000dcb80000)
  from space 9728K, 0% used [0x00000000ddf00000,0x00000000ddf00000,0x00000000de880000)
  to   space 14848K, 0% used [0x00000000dcb80000,0x00000000dcb80000,0x00000000dda00000)
 ParOldGen       total 71168K, used 12565K [0x0000000081400000, 0x0000000085980000, 0x00000000d5c00000)
  object space 71168K, 17% used [0x0000000081400000,0x0000000082045618,0x0000000085980000)
 Metaspace       used 21000K, capacity 21176K, committed 21248K, reserved 1069056K
  class space    used 2442K, capacity 2532K, committed 2560K, reserved 1048576K
}

